2020-06-30 00:47:16,415 main 
2020-06-30 00:47:16,415 main -------------------------------------------------------------------
2020-06-30 00:47:17,146 main run double running protectin
2020-06-30 00:47:17,151 main [Downloader2] Loaded configuration: normal
2020-06-30 00:47:17,346 main [TLAUNCHER][STATIC] initialize inner config
2020-06-30 00:47:17,348 MD#1 [Downloader2] Files in queue 14
2020-06-30 00:47:17,349 MD#1 [Downloader2] Starting download 14 files...
2020-06-30 00:47:17,668 DT#2#3 [D#2] >  http://repo.tlauncher.org/update/downloads/libraries/javax/inject/javax.inject/1/javax.inject-1.jar 
2020-06-30 00:47:17,668 DT#1#2 [D#1] >  http://central.maven.org/maven2/com/google/inject/guice/4.1.0/guice-4.1.0.jar 
2020-06-30 00:47:17,715 DT#1#2 [D#1] >  Failed to download from:  http://central.maven.org/maven2/com/google/inject/guice/4.1.0/guice-4.1.0.jar
java.net.UnknownHostException: central.maven.org
at java.net.AbstractPlainSocketImpl.connect(Unknown Source)
at java.net.PlainSocketImpl.connect(Unknown Source)
at java.net.SocksSocketImpl.connect(Unknown Source)
at java.net.Socket.connect(Unknown Source)
at sun.net.NetworkClient.doConnect(Unknown Source)
at sun.net.www.http.HttpClient.openServer(Unknown Source)
at sun.net.www.http.HttpClient.openServer(Unknown Source)
at sun.net.www.http.HttpClient.<init>(Unknown Source)
at sun.net.www.http.HttpClient.New(Unknown Source)
at sun.net.www.http.HttpClient.New(Unknown Source)
at sun.net.www.protocol.http.HttpURLConnection.getNewHttpClient(Unknown Source)
at sun.net.www.protocol.http.HttpURLConnection.plainConnect0(Unknown Source)
at sun.net.www.protocol.http.HttpURLConnection.plainConnect(Unknown Source)
at sun.net.www.protocol.http.HttpURLConnection.connect(Unknown Source)
at org.tlauncher.tlauncher.downloader.DownloaderThread.downloadURL(DownloaderThread.java:181)
at org.tlauncher.tlauncher.downloader.DownloaderThread.download(DownloaderThread.java:153)
at org.tlauncher.tlauncher.downloader.DownloaderThread.run(DownloaderThread.java:92)
Thread called by: org.tlauncher.util.async.ExtendedThread$ExtendedThreadCaller
at org.tlauncher.util.async.ExtendedThread.<init>(ExtendedThread.java:17)
at org.tlauncher.tlauncher.downloader.DownloaderThread.<init>(DownloaderThread.java:41)
at org.tlauncher.tlauncher.downloader.Downloader.sortOut(Downloader.java:243)
at org.tlauncher.tlauncher.downloader.Downloader.run(Downloader.java:194)

2020-06-30 00:47:17,715 DT#1#2 [D#1] >  https://securerepository.net/update/downloads/libraries/com/google/inject/guice/4.1.0/guice-4.1.0.jar 
2020-06-30 00:47:17,777 DT#2#3 [D#2] >  https://securerepository.net/update/downloads/libraries/aopalliance/aopalliance/1.0/aopalliance-1.0.jar 
2020-06-30 00:47:18,478 DT#2#3 [D#2] >  https://securerepository.net/update/downloads/libraries/net/sf/jopt-simple/jopt-simple/4.9/jopt-simple-4.9.jar 
2020-06-30 00:47:18,650 DT#2#3 [D#2] >  http://central.maven.org/maven2/log4j/log4j/1.2.17/log4j-1.2.17.jar 
2020-06-30 00:47:18,650 DT#2#3 [D#2] >  Failed to download from:  http://central.maven.org/maven2/log4j/log4j/1.2.17/log4j-1.2.17.jar
java.net.UnknownHostException: central.maven.org
at java.net.AbstractPlainSocketImpl.connect(Unknown Source)
at java.net.PlainSocketImpl.connect(Unknown Source)
at java.net.SocksSocketImpl.connect(Unknown Source)
at java.net.Socket.connect(Unknown Source)
at sun.net.NetworkClient.doConnect(Unknown Source)
at sun.net.www.http.HttpClient.openServer(Unknown Source)
at sun.net.www.http.HttpClient.openServer(Unknown Source)
at sun.net.www.http.HttpClient.<init>(Unknown Source)
at sun.net.www.http.HttpClient.New(Unknown Source)
at sun.net.www.http.HttpClient.New(Unknown Source)
at sun.net.www.protocol.http.HttpURLConnection.getNewHttpClient(Unknown Source)
at sun.net.www.protocol.http.HttpURLConnection.plainConnect0(Unknown Source)
at sun.net.www.protocol.http.HttpURLConnection.plainConnect(Unknown Source)
at sun.net.www.protocol.http.HttpURLConnection.connect(Unknown Source)
at org.tlauncher.tlauncher.downloader.DownloaderThread.downloadURL(DownloaderThread.java:181)
at org.tlauncher.tlauncher.downloader.DownloaderThread.download(DownloaderThread.java:153)
at org.tlauncher.tlauncher.downloader.DownloaderThread.run(DownloaderThread.java:92)
Thread called by: org.tlauncher.util.async.ExtendedThread$ExtendedThreadCaller
at org.tlauncher.util.async.ExtendedThread.<init>(ExtendedThread.java:17)
at org.tlauncher.tlauncher.downloader.DownloaderThread.<init>(DownloaderThread.java:41)
at org.tlauncher.tlauncher.downloader.Downloader.sortOut(Downloader.java:243)
at org.tlauncher.tlauncher.downloader.Downloader.run(Downloader.java:194)

2020-06-30 00:47:18,650 DT#2#3 [D#2] >  https://securerepository.net/update/downloads/libraries/log4j/log4j/1.2.17/log4j-1.2.17.jar 
2020-06-30 00:47:19,025 DT#2#3 [D#2] >  http://repo.tlauncher.org/update/downloads/libraries/org/tlauncher/tlauncher-resource/1.4/tlauncher-resource-1.4.jar 
2020-06-30 00:47:19,025 DT#1#2 [D#1] >  https://securerepository.net/update/downloads/libraries/com/google/inject/extentions/guice-assistedinject/4.1.0/guice-assistedinject-4.1.0.jar 
2020-06-30 00:47:19,308 DT#1#2 [D#1] >  https://securerepository.net/update/downloads/libraries/com/google/guava/guava/19.0/guava-19.0.jar 
2020-06-30 00:47:21,067 DT#1#2 [D#1] >  http://central.maven.org/maven2/org/apache/commons/commons-lang3/3.4/commons-lang3-3.4.jar 
2020-06-30 00:47:21,067 DT#1#2 [D#1] >  Failed to download from:  http://central.maven.org/maven2/org/apache/commons/commons-lang3/3.4/commons-lang3-3.4.jar
java.net.UnknownHostException: central.maven.org
at java.net.AbstractPlainSocketImpl.connect(Unknown Source)
at java.net.PlainSocketImpl.connect(Unknown Source)
at java.net.SocksSocketImpl.connect(Unknown Source)
at java.net.Socket.connect(Unknown Source)
at sun.net.NetworkClient.doConnect(Unknown Source)
at sun.net.www.http.HttpClient.openServer(Unknown Source)
at sun.net.www.http.HttpClient.openServer(Unknown Source)
at sun.net.www.http.HttpClient.<init>(Unknown Source)
at sun.net.www.http.HttpClient.New(Unknown Source)
at sun.net.www.http.HttpClient.New(Unknown Source)
at sun.net.www.protocol.http.HttpURLConnection.getNewHttpClient(Unknown Source)
at sun.net.www.protocol.http.HttpURLConnection.plainConnect0(Unknown Source)
at sun.net.www.protocol.http.HttpURLConnection.plainConnect(Unknown Source)
at sun.net.www.protocol.http.HttpURLConnection.connect(Unknown Source)
at org.tlauncher.tlauncher.downloader.DownloaderThread.downloadURL(DownloaderThread.java:181)
at org.tlauncher.tlauncher.downloader.DownloaderThread.download(DownloaderThread.java:153)
at org.tlauncher.tlauncher.downloader.DownloaderThread.run(DownloaderThread.java:92)
Thread called by: org.tlauncher.util.async.ExtendedThread$ExtendedThreadCaller
at org.tlauncher.util.async.ExtendedThread.<init>(ExtendedThread.java:17)
at org.tlauncher.tlauncher.downloader.DownloaderThread.<init>(DownloaderThread.java:41)
at org.tlauncher.tlauncher.downloader.Downloader.sortOut(Downloader.java:243)
at org.tlauncher.tlauncher.downloader.Downloader.run(Downloader.java:194)

2020-06-30 00:47:21,067 DT#1#2 [D#1] >  https://securerepository.net/update/downloads/libraries/org/apache/commons/commons-lang3/3.4/commons-lang3-3.4.jar 
2020-06-30 00:47:21,346 DT#2#3 [D#2] >  http://repo.tlauncher.org/update/downloads/libraries/com/github/junrar/junrar/0.7/junrar-0.7.jar 
2020-06-30 00:47:21,440 DT#1#2 [D#1] >  http://repo.tlauncher.org/update/downloads/libraries/org/tukaani/xz/1.5/xz-1.5.jar 
2020-06-30 00:47:21,502 DT#2#3 [D#2] >  https://securerepository.net/update/downloads/libraries/dnsjava/dnsjava/2.1.8/dnsjava-2.1.8.jar 
2020-06-30 00:47:21,596 DT#1#2 [D#1] >  http://repo.tlauncher.org/update/downloads/libraries/org/tlauncher/picture-bundle/2.8/picture-bundle-2.8.jar 
2020-06-30 00:47:23,248 DT#1#2 [D#1] >  https://securerepository.net/update/downloads/libraries/org/tlauncher/skin-server-API/1.0/skin-server-API-1.0.jar 
2020-06-30 00:47:23,488 main [Bootstrapper] createLauncher
2020-06-30 00:47:23,488 main path C:\Program Files\Java\jre1.8.0_251
2020-06-30 00:47:23,488 main [Bootstrapper] choose jvm:C:\Program Files\Java\jre1.8.0_251\bin\javaw.exe
2020-06-30 00:47:23,489 main [Bootstrapper] validate files
2020-06-30 00:47:23,489 main [Bootstrapper] end validated files
2020-06-30 00:47:23,489 main [Bootstrapper] Starting launcher...
2020-06-30 00:47:23,635 Thread-3 > [TLAUNCHER][STATIC] initialize inner config
2020-06-30 00:47:23,671 Thread-3 > [Loading] INITIALIZING
2020-06-30 00:47:25,620 Thread-3 > Starting TLauncher 2.69 RELEASE
2020-06-30 00:47:25,620 Thread-3 > For more information, visit https://tlauncher.org/
2020-06-30 00:47:25,620 Thread-3 > Startup time: 30.06.2020 0:47:25
2020-06-30 00:47:25,620 Thread-3 > ---
2020-06-30 00:47:25,621 Thread-3 > run double running protectin
2020-06-30 00:47:25,810 Thread-3 > [Loading] LOADING_CONFIGURATION
2020-06-30 00:47:25,812 Thread-3 > Loading configuration from file: C:\Users\alexa\AppData\Roaming\.tlauncher\tlauncher-2.0.properties
2020-06-30 00:47:25,854 Thread-3 > [Configuration] Constant values: {}
2020-06-30 00:47:25,885 Thread-3 > Machine info: -------------------------------------------------------
2020-06-30 00:47:25,885 Thread-3 > Windows 10 10.0, Java 1.8.0_251, jvm bit x64, 8058 MB RAM
2020-06-30 00:47:25,885 Thread-3 > java path=C:\Program Files\Java\jre1.8.0_251\bin\javaw.exe
2020-06-30 00:47:25,885 Thread-3 > Intel(R) Core(TM) i5-7300HQ CPU @ 2.50GHz
2020-06-30 00:47:25,885 Thread-3 >  Intel(R) HD Graphics 630, Intel(R) HD Graphics Family, 4157 MB, NVIDIA GeForce GTX 1050, GeForce GTX 1050, 8048 MB
2020-06-30 00:47:25,885 Thread-3 > -------------------------------------------------------
2020-06-30 00:47:25,885 Thread-3 > Selected locale: ru_RU
2020-06-30 00:47:25,932 Thread-3 > [Loading] LOADING_CONSOLE
2020-06-30 00:47:26,104 Thread-3 > [Swing] Favicons loaded: 256px, 128px, 96px, 64px, 48px, 32px, 24px, 16px
2020-06-30 00:47:26,323 Thread-3 > 
2020-06-30 00:47:26,464 Thread-3 > [Downloader2] Loaded configuration: good
2020-06-30 00:47:26,602 Thread-3 > [Updater] Requesting an update...
2020-06-30 00:47:26,606 Thread-3 > [Updater] Requesting from: http://repo.tlauncher.org/update/lch/update_2.0.json
2020-06-30 00:47:26,607 Thread-3 > [Updater] Making request: http://repo.tlauncher.org/update/lch/update_2.0.json?version=2.69&client=d069d3cc-efcc-4b44-8730-73509496a51e
2020-06-30 00:47:26,725 Thread-3 > [Updater] Request time: 120 ms
2020-06-30 00:47:26,725 Thread-3 > [Updater] Successfully requested from: http://repo.tlauncher.org/update/lch/update_2.0.json
2020-06-30 00:47:26,978 Thread-3 > [Browser] Loading resources...
2020-06-30 00:47:27,121 Thread-3 > [Browser] Loading background...
2020-06-30 00:47:27,204 Thread-3 > [Browser] Cleaning up after loading:
2020-06-30 00:47:27,205 Thread-3 > Starting garbage collector: 18 / 107 MB
2020-06-30 00:47:27,264 Thread-3 > Garbage collector completed: 14 / 142 MB
2020-06-30 00:47:27,266 Thread-3 > [Loading] LOADING_MANAGERS
2020-06-30 00:47:27,273 Thread-3 > [LocalVersionList] Base directory: C:\Games\Minecraft\repos\.minecraft
2020-06-30 00:47:27,288 Thread-3 > [ProfileManager] Refreshing profiles from: C:\Games\Minecraft\repos\.minecraft\TlauncherProfiles.json
2020-06-30 00:47:27,292 Thread-3 > [AdvertisingStatusObserver]  started to get ad information
2020-06-30 00:47:27,292 Thread-3 > [GsonUtil]  request to http://repo.tlauncher.org/update/downloads/libraries/org/tlauncher/authlib/libraries-1.6.json
2020-06-30 00:47:27,293 Thread-3 > [AdvertisingStatusObserver]  finished to get add information
2020-06-30 00:47:27,299 Thread-3 > [Loading] LOADING_WINDOW
2020-06-30 00:47:27,334 Thread-3 > [Loading] PREPARING_MAINPANE
2020-06-30 00:47:27,478 Thread-3 > [JFXStartPageLoader]  start load page: http://page.tlauncher.org/update/downloads/configs/client/index.html
2020-06-30 00:47:27,481 Thread-3 > [Browser] Running in JavaFX Thread
2020-06-30 00:47:27,482 Thread-3 > [Browser] Preparing JavaFX...
2020-06-30 00:47:27,554 Thread-3 > [Browser] Initializing...
2020-06-30 00:47:27,622 Thread-3 > [REPO][SERVER_LIST_REPO] Success: Reached the repo in 321 ms.
2020-06-30 00:47:29,114 Thread-3 > [JFXStartPageLoader]  succeeded load page: http://page.tlauncher.org/update/downloads/configs/client/index.html during 1
2020-06-30 00:47:29,115 Thread-3 > [Browser@1052074710] Loaded successfully: "http://page.tlauncher.org/update/downloads/configs/client/index.html"
2020-06-30 00:47:29,216 Thread-3 > [Browser] add listens into server_choose
2020-06-30 00:47:29,217 Thread-3 > [Browser] finished listens into server_choose
2020-06-30 00:47:29,926 Thread-3 > [Downloader2] Loaded configuration: good
2020-06-30 00:47:31,173 Thread-3 > [Loading] POSTINIT_GUI
2020-06-30 00:47:31,173 Thread-3 > [Frame] Packing main frame...
2020-06-30 00:47:31,262 Thread-3 > [Frame] Resizing main pane...
2020-06-30 00:47:31,268 Thread-3 > Updater is already closed. Showing up...
2020-06-30 00:47:31,269 Thread-3 > Visibility set.
2020-06-30 00:47:31,270 Thread-3 > [Loading] REFRESHING_INFO
2020-06-30 00:47:31,274 Thread-3 > [VersionManager] Refreshing versions remotely...
2020-06-30 00:47:31,275 Thread-3 > Started! (5464 ms.)
2020-06-30 00:47:31,275 Thread-3 > [Loading] SUCCESS
2020-06-30 00:47:31,275 Thread-3 [Bootstrapper] I can be terminated now: 0
