2020-06-30 01:56:21,890 main 
2020-06-30 01:56:21,896 main -------------------------------------------------------------------
2020-06-30 01:56:22,549 main run double running protectin
2020-06-30 01:56:22,552 main [Downloader2] Loaded configuration: normal
2020-06-30 01:56:22,778 main [Bootstrapper] createLauncher
2020-06-30 01:56:22,778 main path C:\Program Files\Java\jre1.8.0_251
2020-06-30 01:56:22,778 main [Bootstrapper] choose jvm:C:\Program Files\Java\jre1.8.0_251\bin\javaw.exe
2020-06-30 01:56:22,779 main [Bootstrapper] validate files
2020-06-30 01:56:22,779 main [Bootstrapper] end validated files
2020-06-30 01:56:22,779 main [Bootstrapper] Starting launcher...
2020-06-30 01:56:22,920 Thread-2 > [TLAUNCHER][STATIC] initialize inner config
2020-06-30 01:56:22,953 Thread-2 > [Loading] INITIALIZING
2020-06-30 01:56:24,626 Thread-2 > Starting TLauncher 2.69 RELEASE
2020-06-30 01:56:24,627 Thread-2 > For more information, visit https://tlauncher.org/
2020-06-30 01:56:24,628 Thread-2 > Startup time: 30.06.2020 1:56:24
2020-06-30 01:56:24,631 Thread-2 > ---
2020-06-30 01:56:24,632 Thread-2 > run double running protectin
2020-06-30 01:56:24,798 Thread-2 > [Loading] LOADING_CONFIGURATION
2020-06-30 01:56:24,799 Thread-2 > Loading configuration from file: C:\Users\alexa\AppData\Roaming\.tlauncher\tlauncher-2.0.properties
2020-06-30 01:56:24,849 Thread-2 > [Configuration] Constant values: {}
2020-06-30 01:56:24,873 Thread-2 > Machine info: -------------------------------------------------------
2020-06-30 01:56:24,873 Thread-2 > Windows 10 10.0, Java 1.8.0_251, jvm bit x64, 8058 MB RAM
2020-06-30 01:56:24,873 Thread-2 > java path=C:\Program Files\Java\jre1.8.0_251\bin\javaw.exe
2020-06-30 01:56:24,873 Thread-2 > Intel(R) Core(TM) i5-7300HQ CPU @ 2.50GHz
2020-06-30 01:56:24,874 Thread-2 >  Intel(R) HD Graphics 630, Intel(R) HD Graphics Family, 4157 MB, NVIDIA GeForce GTX 1050, GeForce GTX 1050, 8048 MB
2020-06-30 01:56:24,874 Thread-2 > -------------------------------------------------------
2020-06-30 01:56:24,874 Thread-2 > Selected locale: ru_RU
2020-06-30 01:56:24,943 Thread-2 > [Loading] LOADING_CONSOLE
2020-06-30 01:56:25,108 Thread-2 > [Swing] Favicons loaded: 256px, 128px, 96px, 64px, 48px, 32px, 24px, 16px
2020-06-30 01:56:25,320 Thread-2 > 
2020-06-30 01:56:25,473 Thread-2 > [Downloader2] Loaded configuration: good
2020-06-30 01:56:25,603 Thread-2 > [Updater] Requesting an update...
2020-06-30 01:56:25,607 Thread-2 > [Updater] Requesting from: http://repo.tlauncher.org/update/lch/update_2.0.json
2020-06-30 01:56:25,607 Thread-2 > [Updater] Making request: http://repo.tlauncher.org/update/lch/update_2.0.json?version=2.69&client=d069d3cc-efcc-4b44-8730-73509496a51e
2020-06-30 01:56:25,695 Thread-2 > [Updater] Request time: 88 ms
2020-06-30 01:56:25,695 Thread-2 > [Updater] Successfully requested from: http://repo.tlauncher.org/update/lch/update_2.0.json
2020-06-30 01:56:26,977 Thread-2 > [Browser] Loading resources...
2020-06-30 01:56:27,066 Thread-2 > [Browser] Loading background...
2020-06-30 01:56:27,109 Thread-2 > [Browser] Cleaning up after loading:
2020-06-30 01:56:27,109 Thread-2 > Starting garbage collector: 19 / 107 MB
2020-06-30 01:56:27,170 Thread-2 > Garbage collector completed: 14 / 144 MB
2020-06-30 01:56:27,172 Thread-2 > [Loading] LOADING_MANAGERS
2020-06-30 01:56:27,188 Thread-2 > [LocalVersionList] Base directory: C:\Games\Minecraft\repos\.minecraft
2020-06-30 01:56:27,199 Thread-2 > [ProfileManager] Refreshing profiles from: C:\Games\Minecraft\repos\.minecraft\TlauncherProfiles.json
2020-06-30 01:56:27,203 Thread-2 > [AdvertisingStatusObserver]  started to get ad information
2020-06-30 01:56:27,204 Thread-2 > [GsonUtil]  request to http://repo.tlauncher.org/update/downloads/libraries/org/tlauncher/authlib/libraries-1.6.json
2020-06-30 01:56:27,355 Thread-2 > [JFXStartPageLoader]  start load page: http://page.tlauncher.org/update/downloads/configs/client/index.html
2020-06-30 01:56:27,359 Thread-2 > [Browser] Running in JavaFX Thread
2020-06-30 01:56:27,360 Thread-2 > [Browser] Preparing JavaFX...
2020-06-30 01:56:27,432 Thread-2 > [Browser] Initializing...
2020-06-30 01:56:28,316 Thread-2 > [AdvertisingStatusObserver]  finished to get add information
2020-06-30 01:56:28,320 Thread-2 > [Loading] LOADING_WINDOW
2020-06-30 01:56:28,366 Thread-2 > [REPO][SERVER_LIST_REPO] Success: Reached the repo in 46 ms.
2020-06-30 01:56:28,369 Thread-2 > [JFXStartPageLoader]  succeeded load page: http://page.tlauncher.org/update/downloads/configs/client/index.html during 1
2020-06-30 01:56:28,370 Thread-2 > [Browser@1095846506] Loaded successfully: "http://page.tlauncher.org/update/downloads/configs/client/index.html"
2020-06-30 01:56:28,371 Thread-2 > [Loading] PREPARING_MAINPANE
2020-06-30 01:56:28,458 Thread-2 > [Browser] add listens into server_choose
2020-06-30 01:56:28,459 Thread-2 > [Browser] finished listens into server_choose
2020-06-30 01:56:28,868 Thread-2 > [Downloader2] Loaded configuration: good
2020-06-30 01:56:30,292 Thread-2 > [Loading] POSTINIT_GUI
2020-06-30 01:56:30,293 Thread-2 > [Frame] Packing main frame...
2020-06-30 01:56:30,352 Thread-2 > [Frame] Resizing main pane...
2020-06-30 01:56:30,352 Thread-2 > Updater is already closed. Showing up...
2020-06-30 01:56:30,353 Thread-2 > Visibility set.
2020-06-30 01:56:30,354 Thread-2 > [Loading] REFRESHING_INFO
2020-06-30 01:56:30,357 Thread-2 > [VersionManager] Refreshing versions remotely...
2020-06-30 01:56:30,360 Thread-2 > Started! (5561 ms.)
2020-06-30 01:56:30,360 Thread-2 > [Loading] SUCCESS
2020-06-30 01:56:30,360 Thread-2 [Bootstrapper] I can be terminated now: 0
