2020-06-30 00:48:47,014 main 
2020-06-30 00:48:47,015 main -------------------------------------------------------------------
2020-06-30 00:48:47,659 main run double running protectin
2020-06-30 00:48:47,675 main [Downloader2] Loaded configuration: normal
2020-06-30 00:48:47,912 main [Bootstrapper] createLauncher
2020-06-30 00:48:47,912 main path C:\Program Files\Java\jre1.8.0_251
2020-06-30 00:48:47,912 main [Bootstrapper] choose jvm:C:\Program Files\Java\jre1.8.0_251\bin\javaw.exe
2020-06-30 00:48:47,912 main [Bootstrapper] validate files
2020-06-30 00:48:47,912 main [Bootstrapper] end validated files
2020-06-30 00:48:47,912 main [Bootstrapper] Starting launcher...
2020-06-30 00:48:48,041 Thread-2 > [TLAUNCHER][STATIC] initialize inner config
2020-06-30 00:48:48,081 Thread-2 > [Loading] INITIALIZING
2020-06-30 00:48:49,822 Thread-2 > Starting TLauncher 2.69 RELEASE
2020-06-30 00:48:49,837 Thread-2 > For more information, visit https://tlauncher.org/
2020-06-30 00:48:49,837 Thread-2 > Startup time: 30.06.2020 0:48:49
2020-06-30 00:48:49,837 Thread-2 > ---
2020-06-30 00:48:49,837 Thread-2 > run double running protectin
2020-06-30 00:48:49,999 Thread-2 > [Loading] LOADING_CONFIGURATION
2020-06-30 00:48:50,001 Thread-2 > Loading configuration from file: C:\Users\alexa\AppData\Roaming\.tlauncher\tlauncher-2.0.properties
2020-06-30 00:48:50,018 Thread-2 > [Configuration] Constant values: {}
2020-06-30 00:48:50,094 Thread-2 > Machine info: -------------------------------------------------------
2020-06-30 00:48:50,094 Thread-2 > Windows 10 10.0, Java 1.8.0_251, jvm bit x64, 8058 MB RAM
2020-06-30 00:48:50,094 Thread-2 > java path=C:\Program Files\Java\jre1.8.0_251\bin\javaw.exe
2020-06-30 00:48:50,094 Thread-2 > Intel(R) Core(TM) i5-7300HQ CPU @ 2.50GHz
2020-06-30 00:48:50,094 Thread-2 >  Intel(R) HD Graphics 630, Intel(R) HD Graphics Family, 4157 MB, NVIDIA GeForce GTX 1050, GeForce GTX 1050, 8048 MB
2020-06-30 00:48:50,095 Thread-2 > -------------------------------------------------------
2020-06-30 00:48:50,095 Thread-2 > Selected locale: ru_RU
2020-06-30 00:48:50,157 Thread-2 > [Loading] LOADING_CONSOLE
2020-06-30 00:48:50,295 Thread-2 > [Swing] Favicons loaded: 256px, 128px, 96px, 64px, 48px, 32px, 24px, 16px
2020-06-30 00:48:50,519 Thread-2 > 
2020-06-30 00:48:50,659 Thread-2 > [Downloader2] Loaded configuration: good
2020-06-30 00:48:50,800 Thread-2 > [Updater] Requesting an update...
2020-06-30 00:48:50,800 Thread-2 > [Updater] Requesting from: http://repo.tlauncher.org/update/lch/update_2.0.json
2020-06-30 00:48:50,800 Thread-2 > [Updater] Making request: http://repo.tlauncher.org/update/lch/update_2.0.json?version=2.69&client=d069d3cc-efcc-4b44-8730-73509496a51e
2020-06-30 00:48:50,878 Thread-2 > [Updater] Request time: 78 ms
2020-06-30 00:48:50,878 Thread-2 > [Updater] Successfully requested from: http://repo.tlauncher.org/update/lch/update_2.0.json
2020-06-30 00:48:51,026 Thread-2 > [Browser] Loading resources...
2020-06-30 00:48:51,173 Thread-2 > [Browser] Loading background...
2020-06-30 00:48:51,268 Thread-2 > [Browser] Cleaning up after loading:
2020-06-30 00:48:51,268 Thread-2 > Starting garbage collector: 24 / 107 MB
2020-06-30 00:48:51,333 Thread-2 > Garbage collector completed: 15 / 139 MB
2020-06-30 00:48:51,335 Thread-2 > [Loading] LOADING_MANAGERS
2020-06-30 00:48:51,348 Thread-2 > [LocalVersionList] Base directory: C:\Games\Minecraft\repos\.minecraft
2020-06-30 00:48:51,367 Thread-2 > [ProfileManager] Refreshing profiles from: C:\Games\Minecraft\repos\.minecraft\TlauncherProfiles.json
2020-06-30 00:48:51,371 Thread-2 > [AdvertisingStatusObserver]  started to get ad information
2020-06-30 00:48:51,372 Thread-2 > [AdvertisingStatusObserver]  finished to get add information
2020-06-30 00:48:51,376 Thread-2 > [JFXStartPageLoader]  start load page: http://page.tlauncher.org/update/downloads/configs/client/index.html
2020-06-30 00:48:51,381 Thread-2 > [Loading] LOADING_WINDOW
2020-06-30 00:48:51,386 Thread-2 > [GsonUtil]  request to http://repo.tlauncher.org/update/downloads/libraries/org/tlauncher/authlib/libraries-1.6.json
2020-06-30 00:48:51,402 Thread-2 > [Browser] Running in JavaFX Thread
2020-06-30 00:48:51,403 Thread-2 > [Browser] Preparing JavaFX...
2020-06-30 00:48:51,488 Thread-2 > [Browser] Initializing...
2020-06-30 00:48:51,506 Thread-2 > [Loading] PREPARING_MAINPANE
2020-06-30 00:48:51,699 Thread-2 > [REPO][SERVER_LIST_REPO] Success: Reached the repo in 318 ms.
2020-06-30 00:48:52,121 Thread-2 > [Downloader2] Loaded configuration: good
2020-06-30 00:48:52,810 Thread-2 > [JFXStartPageLoader]  succeeded load page: http://page.tlauncher.org/update/downloads/configs/client/index.html during 1
2020-06-30 00:48:52,811 Thread-2 > [Browser@976377229] Loaded successfully: "http://page.tlauncher.org/update/downloads/configs/client/index.html"
2020-06-30 00:48:52,912 Thread-2 > [Browser] add listens into server_choose
2020-06-30 00:48:52,913 Thread-2 > [Browser] finished listens into server_choose
2020-06-30 00:48:53,445 Thread-2 > [Loading] POSTINIT_GUI
2020-06-30 00:48:53,446 Thread-2 > [Frame] Packing main frame...
2020-06-30 00:48:53,530 Thread-2 > [Frame] Resizing main pane...
2020-06-30 00:48:53,531 Thread-2 > Updater is already closed. Showing up...
2020-06-30 00:48:53,531 Thread-2 > Visibility set.
2020-06-30 00:48:53,534 Thread-2 > [Loading] REFRESHING_INFO
2020-06-30 00:48:53,538 Thread-2 > Started! (3538 ms.)
2020-06-30 00:48:53,538 Thread-2 > [Loading] SUCCESS
2020-06-30 00:48:53,538 Thread-2 [Bootstrapper] I can be terminated now: 0
