2020-06-30 01:11:01,717 main 
2020-06-30 01:11:01,718 main -------------------------------------------------------------------
2020-06-30 01:11:02,570 main run double running protectin
2020-06-30 01:11:02,574 main [Downloader2] Loaded configuration: normal
2020-06-30 01:11:02,860 main [Bootstrapper] createLauncher
2020-06-30 01:11:02,860 main path C:\Program Files\Java\jre1.8.0_251
2020-06-30 01:11:02,860 main [Bootstrapper] choose jvm:C:\Program Files\Java\jre1.8.0_251\bin\javaw.exe
2020-06-30 01:11:02,860 main [Bootstrapper] validate files
2020-06-30 01:11:02,861 main [Bootstrapper] end validated files
2020-06-30 01:11:02,861 main [Bootstrapper] Starting launcher...
2020-06-30 01:11:03,000 Thread-2 > [TLAUNCHER][STATIC] initialize inner config
2020-06-30 01:11:03,036 Thread-2 > [Loading] INITIALIZING
2020-06-30 01:11:04,823 Thread-2 > Starting TLauncher 2.69 RELEASE
2020-06-30 01:11:04,826 Thread-2 > For more information, visit https://tlauncher.org/
2020-06-30 01:11:04,827 Thread-2 > Startup time: 30.06.2020 1:11:04
2020-06-30 01:11:04,827 Thread-2 > ---
2020-06-30 01:11:04,828 Thread-2 > run double running protectin
2020-06-30 01:11:04,968 Thread-2 > [Loading] LOADING_CONFIGURATION
2020-06-30 01:11:04,970 Thread-2 > Loading configuration from file: C:\Users\alexa\AppData\Roaming\.tlauncher\tlauncher-2.0.properties
2020-06-30 01:11:05,018 Thread-2 > [Configuration] Constant values: {}
2020-06-30 01:11:05,038 Thread-2 > Machine info: -------------------------------------------------------
2020-06-30 01:11:05,039 Thread-2 > Windows 10 10.0, Java 1.8.0_251, jvm bit x64, 8058 MB RAM
2020-06-30 01:11:05,039 Thread-2 > java path=C:\Program Files\Java\jre1.8.0_251\bin\javaw.exe
2020-06-30 01:11:05,039 Thread-2 > Intel(R) Core(TM) i5-7300HQ CPU @ 2.50GHz
2020-06-30 01:11:05,039 Thread-2 >  Intel(R) HD Graphics 630, Intel(R) HD Graphics Family, 4157 MB, NVIDIA GeForce GTX 1050, GeForce GTX 1050, 8048 MB
2020-06-30 01:11:05,040 Thread-2 > -------------------------------------------------------
2020-06-30 01:11:05,040 Thread-2 > Selected locale: ru_RU
2020-06-30 01:11:05,101 Thread-2 > [Loading] LOADING_CONSOLE
2020-06-30 01:11:05,251 Thread-2 > [Swing] Favicons loaded: 256px, 128px, 96px, 64px, 48px, 32px, 24px, 16px
2020-06-30 01:11:05,471 Thread-2 > 
2020-06-30 01:11:05,644 Thread-2 > [Downloader2] Loaded configuration: good
2020-06-30 01:11:05,766 Thread-2 > [Updater] Requesting an update...
2020-06-30 01:11:05,768 Thread-2 > [Updater] Requesting from: http://repo.tlauncher.org/update/lch/update_2.0.json
2020-06-30 01:11:05,769 Thread-2 > [Updater] Making request: http://repo.tlauncher.org/update/lch/update_2.0.json?version=2.69&client=d069d3cc-efcc-4b44-8730-73509496a51e
2020-06-30 01:11:05,858 Thread-2 > [Updater] Request time: 90 ms
2020-06-30 01:11:05,858 Thread-2 > [Updater] Successfully requested from: http://repo.tlauncher.org/update/lch/update_2.0.json
2020-06-30 01:11:06,053 Thread-2 > [Browser] Loading resources...
2020-06-30 01:11:06,205 Thread-2 > [Browser] Loading background...
2020-06-30 01:11:06,288 Thread-2 > [Browser] Cleaning up after loading:
2020-06-30 01:11:06,289 Thread-2 > Starting garbage collector: 23 / 107 MB
2020-06-30 01:11:06,349 Thread-2 > Garbage collector completed: 14 / 138 MB
2020-06-30 01:11:06,351 Thread-2 > [Loading] LOADING_MANAGERS
2020-06-30 01:11:06,358 Thread-2 > [LocalVersionList] Base directory: C:\Games\Minecraft\repos\.minecraft
2020-06-30 01:11:06,372 Thread-2 > [ProfileManager] Refreshing profiles from: C:\Games\Minecraft\repos\.minecraft\TlauncherProfiles.json
2020-06-30 01:11:06,383 Thread-2 > [AdvertisingStatusObserver]  started to get ad information
2020-06-30 01:11:06,383 Thread-2 > [GsonUtil]  request to http://repo.tlauncher.org/update/downloads/libraries/org/tlauncher/authlib/libraries-1.6.json
2020-06-30 01:11:06,564 Thread-2 > [JFXStartPageLoader]  start load page: http://page.tlauncher.org/update/downloads/configs/client/index.html
2020-06-30 01:11:06,567 Thread-2 > [Browser] Running in JavaFX Thread
2020-06-30 01:11:06,567 Thread-2 > [Browser] Preparing JavaFX...
2020-06-30 01:11:06,643 Thread-2 > [Browser] Initializing...
2020-06-30 01:11:07,588 Thread-2 > [AdvertisingStatusObserver]  finished to get add information
2020-06-30 01:11:07,592 Thread-2 > [Loading] LOADING_WINDOW
2020-06-30 01:11:07,630 Thread-2 > [REPO][SERVER_LIST_REPO] Success: Reached the repo in 37 ms.
2020-06-30 01:11:07,646 Thread-2 > [Loading] PREPARING_MAINPANE
2020-06-30 01:11:07,651 Thread-2 > [JFXStartPageLoader]  succeeded load page: http://page.tlauncher.org/update/downloads/configs/client/index.html during 1
2020-06-30 01:11:07,652 Thread-2 > [Browser@240512661] Loaded successfully: "http://page.tlauncher.org/update/downloads/configs/client/index.html"
2020-06-30 01:11:07,760 Thread-2 > [Browser] add listens into server_choose
2020-06-30 01:11:07,761 Thread-2 > [Browser] finished listens into server_choose
2020-06-30 01:11:08,300 Thread-2 > [Downloader2] Loaded configuration: good
2020-06-30 01:11:09,665 Thread-2 > [Loading] POSTINIT_GUI
2020-06-30 01:11:09,665 Thread-2 > [Frame] Packing main frame...
2020-06-30 01:11:09,763 Thread-2 > [Frame] Resizing main pane...
2020-06-30 01:11:09,764 Thread-2 > Updater is already closed. Showing up...
2020-06-30 01:11:09,765 Thread-2 > Visibility set.
2020-06-30 01:11:09,766 Thread-2 > [Loading] REFRESHING_INFO
2020-06-30 01:11:09,770 Thread-2 > Started! (4802 ms.)
2020-06-30 01:11:09,771 Thread-2 > [Loading] SUCCESS
2020-06-30 01:11:09,771 Thread-2 [Bootstrapper] I can be terminated now: 0
