2020-06-30 01:55:58,425 main [Loading] INITIALIZING
Starting TLauncher 2.69 RELEASE
For more information, visit https://tlauncher.org/
Startup time: 30.06.2020 1:55:57
---
run double running protectin
[Loading] LOADING_CONFIGURATION
Loading configuration from file: C:\Users\alexa\AppData\Roaming\.tlauncher\tlauncher-2.0.properties
[Configuration] Constant values: {}
Machine info: -------------------------------------------------------
Windows 10 10.0, Java 1.8.0_251, jvm bit x64, 8058 MB RAM
java path=C:\Program Files\Java\jre1.8.0_251\bin\javaw.exe
Intel(R) Core(TM) i5-7300HQ CPU @ 2.50GHz
 Intel(R) HD Graphics 630, Intel(R) HD Graphics Family, 4157 MB, NVIDIA GeForce GTX 1050, GeForce GTX 1050, 8048 MB
-------------------------------------------------------
Selected locale: ru_RU
[Loading] LOADING_CONSOLE
[Swing] Favicons loaded: 256px, 128px, 96px, 64px, 48px, 32px, 24px, 16px


2020-06-30 01:55:58,426 main [Downloader2] Loaded configuration: good
2020-06-30 01:55:58,557 ExtendedThread#4 [Updater] Requesting an update...
2020-06-30 01:55:58,560 ExtendedThread#4 [Updater] Requesting from: http://repo.tlauncher.org/update/lch/update_2.0.json
2020-06-30 01:55:58,561 ExtendedThread#4 [Updater] Making request: http://repo.tlauncher.org/update/lch/update_2.0.json?version=2.69&client=d069d3cc-efcc-4b44-8730-73509496a51e
2020-06-30 01:55:58,729 ExtendedThread#4 [Updater] Request time: 168 ms
2020-06-30 01:55:58,729 ExtendedThread#4 [Updater] Successfully requested from: http://repo.tlauncher.org/update/lch/update_2.0.json
2020-06-30 01:55:58,825 main [Browser] Loading resources...
2020-06-30 01:55:58,971 main [Browser] Loading background...
2020-06-30 01:55:59,067 main [Browser] Cleaning up after loading:
2020-06-30 01:55:59,067 main Starting garbage collector: 23 / 108 MB
2020-06-30 01:55:59,133 main Garbage collector completed: 14 / 142 MB
2020-06-30 01:55:59,136 main [Loading] LOADING_MANAGERS
2020-06-30 01:55:59,143 main [LocalVersionList] Base directory: C:\Games\Minecraft\repos\.minecraft
2020-06-30 01:55:59,161 main [ProfileManager] Refreshing profiles from: C:\Games\Minecraft\repos\.minecraft\TlauncherProfiles.json
2020-06-30 01:55:59,166 main [AdvertisingStatusObserver]  started to get ad information
2020-06-30 01:55:59,173 ExtendedThread#6 [GsonUtil]  request to http://repo.tlauncher.org/update/downloads/libraries/org/tlauncher/authlib/libraries-1.6.json
2020-06-30 01:55:59,288 JavaFX Application Thread [JFXStartPageLoader]  start load page: http://page.tlauncher.org/update/downloads/configs/client/index.html
2020-06-30 01:55:59,324 JavaFX Application Thread [Browser] Running in JavaFX Thread
2020-06-30 01:55:59,324 JavaFX Application Thread [Browser] Preparing JavaFX...
2020-06-30 01:55:59,407 JavaFX Application Thread [Browser] Initializing...
2020-06-30 01:56:00,299 main [AdvertisingStatusObserver]  finished to get add information
2020-06-30 01:56:00,304 main [Loading] LOADING_WINDOW
2020-06-30 01:56:00,334 ExtendedThread#6 [REPO][SERVER_LIST_REPO] Success: Reached the repo in 30 ms.
2020-06-30 01:56:00,359 JavaFX Application Thread [JFXStartPageLoader]  succeeded load page: http://page.tlauncher.org/update/downloads/configs/client/index.html during 1
2020-06-30 01:56:00,360 JavaFX Application Thread [Browser@1311308590] Loaded successfully: "http://page.tlauncher.org/update/downloads/configs/client/index.html"
2020-06-30 01:56:00,362 main [Loading] PREPARING_MAINPANE
2020-06-30 01:56:00,458 JavaFX Application Thread [Browser] add listens into server_choose
2020-06-30 01:56:00,459 JavaFX Application Thread [Browser] finished listens into server_choose
2020-06-30 01:56:01,000 main [Downloader2] Loaded configuration: good
2020-06-30 01:56:02,447 main [Loading] POSTINIT_GUI
2020-06-30 01:56:02,447 main [Frame] Packing main frame...
2020-06-30 01:56:02,514 main [Frame] Resizing main pane...
2020-06-30 01:56:02,515 main Updater is already closed. Showing up...
2020-06-30 01:56:02,515 main Visibility set.
2020-06-30 01:56:02,516 main [Loading] REFRESHING_INFO
2020-06-30 01:56:02,533 ExtendedThread#6 [VersionManager] Refreshing versions remotely...
2020-06-30 01:56:02,533 main Started! (4796 ms.)
2020-06-30 01:56:02,534 main [Loading] SUCCESS
2020-06-30 01:56:02,535 ExtendedThread#4 [REPO][EXTRA_VERSION_REPO] Attempt #1; timeout: 45000 ms; url: http://repo.tlauncher.org/update/downloads/versions/new3/
2020-06-30 01:56:02,549 main [TLauncher] show tlauncher!!!
2020-06-30 01:56:02,549 main [Double running] clear time label
2020-06-30 01:56:02,643 ExtendedThread#4 [REPO][EXTRA_VERSION_REPO] Success: Reached the repo in 107 ms.
2020-06-30 01:56:03,113 AsyncObject#13 [REPO][OFFICIAL_VERSION_REPO] Attempt #1; timeout: 45000 ms; url: https://launchermeta.mojang.com/mc/game/
2020-06-30 01:56:03,114 AsyncObject#14 [REPO][EXTRA_VERSION_REPO] Attempt #1; timeout: 45000 ms; url: http://repo.tlauncher.org/update/downloads/versions/new3/
2020-06-30 01:56:03,118 AsyncObject#15 [REPO][SKIN_VERSION_REPO] Attempt #1; timeout: 45000 ms; url: http://repo.tlauncher.org/update/downloads/versions/new3/skin/versions/
2020-06-30 01:56:03,157 AsyncObject#14 [REPO][EXTRA_VERSION_REPO] Success: Reached the repo in 40 ms.
2020-06-30 01:56:03,192 AsyncObject#14 [ExtraVersionList] Got in 79 ms
2020-06-30 01:56:03,237 AsyncObject#15 [REPO][SKIN_VERSION_REPO] Success: Reached the repo in 116 ms.
2020-06-30 01:56:03,251 AsyncObject#15 [SkinVersionList] Got in 138 ms
2020-06-30 01:56:03,294 AsyncObject#13 [REPO][OFFICIAL_VERSION_REPO] Success: Reached the repo in 180 ms.
2020-06-30 01:56:03,377 AsyncObject#13 [OfficialVersionList] Got in 264 ms
2020-06-30 01:56:03,380 ExtendedThread#6 [VersionManager] Versions has been refreshed (331 ms)
2020-06-30 01:56:03,437 ExtendedThread#12 [REPO][ADD_HOT_SERVERS_REPO] Attempt #1; timeout: 45000 ms; url: http://repo.tlauncher.org/update/lch/additional_hot_servers-1.0.json
2020-06-30 01:56:03,440 ExtendedThread#16 [REPO][HOT_SERVERS_REPO] Attempt #1; timeout: 45000 ms; url: http://repo.tlauncher.org/update/lch/servers/hot_servers-1.0.json
2020-06-30 01:56:03,450 Thread-16 run server on  37842
2020-06-30 01:56:03,512 ExtendedThread#12 [REPO][ADD_HOT_SERVERS_REPO] Success: Reached the repo in 72 ms.
2020-06-30 01:56:03,556 ExtendedThread#16 [REPO][HOT_SERVERS_REPO] Success: Reached the repo in 111 ms.
2020-06-30 01:56:15,461 AWT-EventQueue-0 Good bye!
2020-06-30 01:56:15,467 AWT-EventQueue-0 [TLauncherManager] written:  []
